[debug] [2021-01-22T11:18:33.705Z] ----------------------------------------------------------------------
[debug] [2021-01-22T11:18:33.706Z] Command:       C:\Program Files\nodejs\node.exe C:\Users\Moses\AppData\Roaming\npm\node_modules\firebase-tools\lib\bin\firebase.js init
[debug] [2021-01-22T11:18:33.707Z] CLI Version:   8.16.1
[debug] [2021-01-22T11:18:33.707Z] Platform:      win32
[debug] [2021-01-22T11:18:33.707Z] Node Version:  v12.18.4
[debug] [2021-01-22T11:18:33.708Z] Time:          Fri Jan 22 2021 16:48:33 GMT+0530 (India Standard Time)
[debug] [2021-01-22T11:18:33.708Z] ----------------------------------------------------------------------
[debug] [2021-01-22T11:18:33.708Z] 
[debug] [2021-01-22T11:18:33.713Z] > command requires scopes: ["email","openid","https://www.googleapis.com/auth/cloudplatformprojects.readonly","https://www.googleapis.com/auth/firebase","https://www.googleapis.com/auth/cloud-platform"]
[debug] [2021-01-22T11:18:33.713Z] > authorizing via signed-in user
[info] 
     ######## #### ########  ######## ########     ###     ######  ########
     ##        ##  ##     ## ##       ##     ##  ##   ##  ##       ##
     ######    ##  ########  ######   ########  #########  ######  ######
     ##        ##  ##    ##  ##       ##     ## ##     ##       ## ##
     ##       #### ##     ## ######## ########  ##     ##  ######  ########

You're about to initialize a Firebase project in this directory:

  C:\Users\Moses\Documents\Vue JS Trainings\TASKS\CRUD APLICATION\New folder

Before we get started, keep in mind:

  * You are initializing in an existing Firebase project directory

